TN:
SF:/Users/schdief/moveez/app/app.js
FN:35,(anonymous_0)
FN:45,(anonymous_1)
FNF:2
FNH:2
FNDA:1,(anonymous_0)
FNDA:1,(anonymous_1)
DA:2,1
DA:3,1
DA:4,1
DA:5,1
DA:6,1
DA:7,1
DA:8,1
DA:12,1
DA:14,0
DA:18,1
DA:19,1
DA:20,1
DA:21,1
DA:24,1
DA:25,1
DA:26,1
DA:27,1
DA:30,1
DA:31,1
DA:35,1
DA:37,1
DA:43,1
DA:44,1
DA:45,1
DA:46,1
DA:47,1
DA:48,1
DA:52,1
LF:28
LH:27
BRDA:12,0,0,0
BRDA:12,0,1,1
BRDA:43,1,0,1
BRDA:43,1,1,0
BRF:4
BRH:2
end_of_record
TN:
SF:/Users/schdief/moveez/app/controllers/title.js
FN:5,getTitles
FN:7,(anonymous_1)
FN:23,postTitle
FN:25,(anonymous_3)
FNF:4
FNH:4
FNDA:2,getTitles
FNDA:2,(anonymous_1)
FNDA:2,postTitle
FNDA:2,(anonymous_3)
DA:1,1
DA:2,1
DA:6,2
DA:7,2
DA:8,2
DA:9,0
DA:12,2
DA:13,2
DA:15,0
DA:16,0
DA:24,2
DA:25,2
DA:26,2
DA:27,1
DA:30,1
DA:31,1
DA:33,0
DA:34,0
DA:41,1
LF:19
LH:14
BRDA:8,0,0,0
BRDA:8,0,1,2
BRDA:12,1,0,2
BRDA:12,1,1,0
BRDA:26,2,0,1
BRDA:26,2,1,1
BRDA:30,3,0,1
BRDA:30,3,1,0
BRF:8
BRH:5
end_of_record
TN:
SF:/Users/schdief/moveez/app/models/title.js
FN:13,(anonymous_0)
FNF:1
FNH:1
FNDA:2,(anonymous_0)
DA:1,1
DA:2,1
DA:5,1
DA:13,1
DA:14,2
DA:15,2
DA:16,1
DA:18,2
DA:21,1
LF:9
LH:9
BRDA:15,0,0,1
BRDA:15,0,1,1
BRF:2
BRH:2
end_of_record
